{"C:\\Users\\Xavier\\Projects\\react-crud-api-client-example\\src\\main.tsx": {"path":"C:\\Users\\Xavier\\Projects\\react-crud-api-client-example\\src\\main.tsx","statementMap":{"0":{"start":{"line":1,"column":0},"end":{"line":1,"column":26}},"1":{"start":{"line":2,"column":0},"end":{"line":2,"column":40}},"2":{"start":{"line":3,"column":0},"end":{"line":3,"column":64}},"3":{"start":{"line":4,"column":0},"end":{"line":4,"column":68}},"4":{"start":{"line":5,"column":0},"end":{"line":5,"column":68}},"5":{"start":{"line":7,"column":0},"end":{"line":22,"column":2}}},"fnMap":{},"branchMap":{},"s":{"0":0,"1":0,"2":0,"3":0,"4":0,"5":0},"f":{},"b":{}}
,"C:\\Users\\Xavier\\Projects\\react-crud-api-client-example\\src\\application\\useCases\\CustomerUseCases.ts": {"path":"C:\\Users\\Xavier\\Projects\\react-crud-api-client-example\\src\\application\\useCases\\CustomerUseCases.ts","statementMap":{"0":{"start":{"line":9,"column":0},"end":{"line":9,"column":22}},"1":{"start":{"line":20,"column":0},"end":{"line":20,"column":22}},"2":{"start":{"line":30,"column":0},"end":{"line":30,"column":22}},"3":{"start":{"line":40,"column":0},"end":{"line":40,"column":22}},"4":{"start":{"line":50,"column":0},"end":{"line":50,"column":22}},"5":{"start":{"line":1,"column":0},"end":{"line":1,"column":79}},"6":{"start":{"line":10,"column":2},"end":{"line":10,"column":45}},"7":{"start":{"line":21,"column":2},"end":{"line":21,"column":53}},"8":{"start":{"line":31,"column":2},"end":{"line":31,"column":58}},"9":{"start":{"line":41,"column":2},"end":{"line":41,"column":71}},"10":{"start":{"line":51,"column":2},"end":{"line":51,"column":45}},"11":{"start":{"line":61,"column":25},"end":{"line":63,"column":2}},"12":{"start":{"line":61,"column":77},"end":{"line":63,"column":2}},"13":{"start":{"line":62,"column":2},"end":{"line":62,"column":48}},"14":{"start":{"line":61,"column":13},"end":{"line":61,"column":25}},"15":{"start":{"line":71,"column":37},"end":{"line":75,"column":2}},"16":{"start":{"line":73,"column":25},"end":{"line":75,"column":2}},"17":{"start":{"line":74,"column":2},"end":{"line":74,"column":62}},"18":{"start":{"line":71,"column":13},"end":{"line":71,"column":37}}},"fnMap":{"0":{"name":"fetchCustomers","decl":{"start":{"line":9,"column":22},"end":{"line":9,"column":36}},"loc":{"start":{"line":9,"column":36},"end":{"line":11,"column":null}}},"1":{"name":"fetchCustomerById","decl":{"start":{"line":20,"column":22},"end":{"line":20,"column":39}},"loc":{"start":{"line":20,"column":50},"end":{"line":22,"column":null}}},"2":{"name":"createCustomer","decl":{"start":{"line":30,"column":22},"end":{"line":30,"column":36}},"loc":{"start":{"line":30,"column":55},"end":{"line":32,"column":null}}},"3":{"name":"updateCustomer","decl":{"start":{"line":40,"column":22},"end":{"line":40,"column":36}},"loc":{"start":{"line":40,"column":55},"end":{"line":42,"column":null}}},"4":{"name":"deleteCustomer","decl":{"start":{"line":50,"column":22},"end":{"line":50,"column":36}},"loc":{"start":{"line":50,"column":47},"end":{"line":52,"column":null}}},"5":{"name":"(anonymous_17)","decl":{"start":{"line":61,"column":25},"end":{"line":61,"column":32}},"loc":{"start":{"line":61,"column":77},"end":{"line":63,"column":2}}},"6":{"name":"(anonymous_18)","decl":{"start":{"line":61,"column":77},"end":{"line":61,"column":null}},"loc":{"start":{"line":61,"column":77},"end":{"line":63,"column":1}}},"7":{"name":"(anonymous_19)","decl":{"start":{"line":71,"column":37},"end":{"line":71,"column":null}},"loc":{"start":{"line":73,"column":25},"end":{"line":75,"column":2}}},"8":{"name":"(anonymous_20)","decl":{"start":{"line":73,"column":25},"end":{"line":73,"column":null}},"loc":{"start":{"line":72,"column":32},"end":{"line":75,"column":1}}}},"branchMap":{"0":{"loc":{"start":{"line":72,"column":2},"end":{"line":72,"column":32}},"type":"default-arg","locations":[{"start":{"line":72,"column":26},"end":{"line":72,"column":32}}]}},"s":{"0":0,"1":0,"2":0,"3":0,"4":0,"5":0,"6":0,"7":0,"8":0,"9":0,"10":0,"11":0,"12":0,"13":0,"14":0,"15":0,"16":0,"17":0,"18":0},"f":{"0":0,"1":0,"2":0,"3":0,"4":0,"5":0,"6":0,"7":0,"8":0},"b":{"0":[0]}}
,"C:\\Users\\Xavier\\Projects\\react-crud-api-client-example\\src\\infrastructure\\api\\ApiClient.ts": {"path":"C:\\Users\\Xavier\\Projects\\react-crud-api-client-example\\src\\infrastructure\\api\\ApiClient.ts","statementMap":{"0":{"start":{"line":1,"column":0},"end":{"line":1,"column":45}},"1":{"start":{"line":13,"column":4},"end":{"line":13,"column":25}},"2":{"start":{"line":23,"column":4},"end":{"line":29,"column":5}},"3":{"start":{"line":24,"column":23},"end":{"line":24,"column":61}},"4":{"start":{"line":25,"column":6},"end":{"line":25,"column":27}},"5":{"start":{"line":27,"column":6},"end":{"line":27,"column":58}},"6":{"start":{"line":28,"column":6},"end":{"line":28,"column":41}},"7":{"start":{"line":39,"column":4},"end":{"line":45,"column":5}},"8":{"start":{"line":40,"column":23},"end":{"line":40,"column":56}},"9":{"start":{"line":41,"column":6},"end":{"line":41,"column":27}},"10":{"start":{"line":43,"column":6},"end":{"line":43,"column":55}},"11":{"start":{"line":44,"column":6},"end":{"line":44,"column":41}},"12":{"start":{"line":55,"column":4},"end":{"line":61,"column":5}},"13":{"start":{"line":56,"column":23},"end":{"line":56,"column":55}},"14":{"start":{"line":57,"column":6},"end":{"line":57,"column":27}},"15":{"start":{"line":59,"column":6},"end":{"line":59,"column":53}},"16":{"start":{"line":60,"column":6},"end":{"line":60,"column":41}},"17":{"start":{"line":70,"column":4},"end":{"line":75,"column":5}},"18":{"start":{"line":71,"column":6},"end":{"line":71,"column":36}},"19":{"start":{"line":73,"column":6},"end":{"line":73,"column":58}},"20":{"start":{"line":74,"column":6},"end":{"line":74,"column":41}},"21":{"start":{"line":85,"column":4},"end":{"line":97,"column":5}},"22":{"start":{"line":86,"column":6},"end":{"line":92,"column":7}},"23":{"start":{"line":87,"column":8},"end":{"line":91,"column":10}},"24":{"start":{"line":93,"column":6},"end":{"line":95,"column":7}},"25":{"start":{"line":94,"column":8},"end":{"line":94,"column":63}},"26":{"start":{"line":96,"column":6},"end":{"line":96,"column":66}},"27":{"start":{"line":98,"column":4},"end":{"line":98,"column":51}},"28":{"start":{"line":3,"column":0},"end":{"line":3,"column":13}},"29":{"start":{"line":4,"column":19},"end":{"line":6,"column":5}}},"fnMap":{"0":{"name":"(anonymous_8)","decl":{"start":{"line":12,"column":9},"end":{"line":12,"column":15}},"loc":{"start":{"line":12,"column":47},"end":{"line":14,"column":3}}},"1":{"name":"(anonymous_9)","decl":{"start":{"line":22,"column":9},"end":{"line":22,"column":15}},"loc":{"start":{"line":22,"column":57},"end":{"line":30,"column":null}}},"2":{"name":"(anonymous_11)","decl":{"start":{"line":38,"column":9},"end":{"line":38,"column":15}},"loc":{"start":{"line":38,"column":55},"end":{"line":46,"column":null}}},"3":{"name":"(anonymous_13)","decl":{"start":{"line":54,"column":9},"end":{"line":54,"column":15}},"loc":{"start":{"line":54,"column":54},"end":{"line":62,"column":null}}},"4":{"name":"(anonymous_15)","decl":{"start":{"line":69,"column":9},"end":{"line":69,"column":15}},"loc":{"start":{"line":69,"column":40},"end":{"line":76,"column":null}}},"5":{"name":"(anonymous_17)","decl":{"start":{"line":84,"column":9},"end":{"line":84,"column":15}},"loc":{"start":{"line":84,"column":47},"end":{"line":99,"column":3}}}},"branchMap":{"0":{"loc":{"start":{"line":85,"column":4},"end":{"line":97,"column":5}},"type":"if","locations":[{"start":{"line":85,"column":4},"end":{"line":97,"column":5}}]},"1":{"loc":{"start":{"line":86,"column":6},"end":{"line":92,"column":7}},"type":"if","locations":[{"start":{"line":86,"column":6},"end":{"line":92,"column":7}}]},"2":{"loc":{"start":{"line":90,"column":15},"end":{"line":90,"column":60}},"type":"binary-expr","locations":[{"start":{"line":90,"column":15},"end":{"line":90,"column":41}},{"start":{"line":90,"column":45},"end":{"line":90,"column":60}}]},"3":{"loc":{"start":{"line":90,"column":15},"end":{"line":90,"column":41}},"type":"cond-expr","locations":[{"start":{"line":90,"column":34},"end":{"line":90,"column":36}},{"start":{"line":90,"column":34},"end":{"line":90,"column":41}}]},"4":{"loc":{"start":{"line":90,"column":15},"end":{"line":90,"column":36}},"type":"binary-expr","locations":[{"start":{"line":90,"column":15},"end":{"line":90,"column":36}},{"start":{"line":90,"column":34},"end":{"line":90,"column":36}}]},"5":{"loc":{"start":{"line":93,"column":6},"end":{"line":95,"column":7}},"type":"if","locations":[{"start":{"line":93,"column":6},"end":{"line":95,"column":7}}]}},"s":{"0":0,"1":0,"2":0,"3":0,"4":0,"5":0,"6":0,"7":0,"8":0,"9":0,"10":0,"11":0,"12":0,"13":0,"14":0,"15":0,"16":0,"17":0,"18":0,"19":0,"20":0,"21":0,"22":0,"23":0,"24":0,"25":0,"26":0,"27":0,"28":0,"29":0},"f":{"0":0,"1":0,"2":0,"3":0,"4":0,"5":0},"b":{"0":[0],"1":[0],"2":[0,0],"3":[0,0],"4":[0,0],"5":[0]}}
,"C:\\Users\\Xavier\\Projects\\react-crud-api-client-example\\src\\infrastructure\\api\\CustomerApiClient.ts": {"path":"C:\\Users\\Xavier\\Projects\\react-crud-api-client-example\\src\\infrastructure\\api\\CustomerApiClient.ts","statementMap":{"0":{"start":{"line":1,"column":0},"end":{"line":1,"column":40}},"1":{"start":{"line":10,"column":4},"end":{"line":10,"column":46}},"2":{"start":{"line":19,"column":4},"end":{"line":19,"column":50}},"3":{"start":{"line":28,"column":4},"end":{"line":28,"column":55}},"4":{"start":{"line":41,"column":4},"end":{"line":41,"column":60}},"5":{"start":{"line":50,"column":4},"end":{"line":50,"column":43}},"6":{"start":{"line":60,"column":4},"end":{"line":60,"column":68}},"7":{"start":{"line":69,"column":4},"end":{"line":72,"column":null}},"8":{"start":{"line":71,"column":4},"end":{"line":71,"column":70}},"9":{"start":{"line":4,"column":0},"end":{"line":4,"column":13}}},"fnMap":{"0":{"name":"(anonymous_7)","decl":{"start":{"line":9,"column":2},"end":{"line":9,"column":8}},"loc":{"start":{"line":9,"column":30},"end":{"line":11,"column":null}}},"1":{"name":"(anonymous_9)","decl":{"start":{"line":18,"column":2},"end":{"line":18,"column":8}},"loc":{"start":{"line":18,"column":41},"end":{"line":20,"column":null}}},"2":{"name":"(anonymous_11)","decl":{"start":{"line":27,"column":2},"end":{"line":27,"column":8}},"loc":{"start":{"line":27,"column":48},"end":{"line":29,"column":null}}},"3":{"name":"(anonymous_13)","decl":{"start":{"line":37,"column":2},"end":{"line":37,"column":8}},"loc":{"start":{"line":39,"column":22},"end":{"line":42,"column":null}}},"4":{"name":"(anonymous_15)","decl":{"start":{"line":49,"column":2},"end":{"line":49,"column":8}},"loc":{"start":{"line":49,"column":40},"end":{"line":51,"column":null}}},"5":{"name":"(anonymous_17)","decl":{"start":{"line":59,"column":2},"end":{"line":59,"column":8}},"loc":{"start":{"line":59,"column":51},"end":{"line":61,"column":null}}},"6":{"name":"(anonymous_19)","decl":{"start":{"line":68,"column":2},"end":{"line":68,"column":8}},"loc":{"start":{"line":68,"column":36},"end":{"line":72,"column":null}}},"7":{"name":"(anonymous_20)","decl":{"start":{"line":69,"column":4},"end":{"line":69,"column":28}},"loc":{"start":{"line":69,"column":34},"end":{"line":72,"column":3}}}},"branchMap":{"0":{"loc":{"start":{"line":69,"column":4},"end":{"line":69,"column":34}},"type":"default-arg","locations":[{"start":{"line":69,"column":28},"end":{"line":69,"column":34}}]}},"s":{"0":0,"1":0,"2":0,"3":0,"4":0,"5":0,"6":0,"7":0,"8":0,"9":0},"f":{"0":0,"1":0,"2":0,"3":0,"4":0,"5":0,"6":0,"7":0},"b":{"0":[0]}}
,"C:\\Users\\Xavier\\Projects\\react-crud-api-client-example\\src\\interfaces\\components\\CustomerForm.tsx": {"path":"C:\\Users\\Xavier\\Projects\\react-crud-api-client-example\\src\\interfaces\\components\\CustomerForm.tsx","statementMap":{"0":{"start":{"line":1,"column":0},"end":{"line":1,"column":57}},"1":{"start":{"line":2,"column":0},"end":{"line":2,"column":58}},"2":{"start":{"line":3,"column":0},"end":{"line":3,"column":null}},"3":{"start":{"line":9,"column":0},"end":{"line":9,"column":53}},"4":{"start":{"line":22,"column":57},"end":{"line":162,"column":1}},"5":{"start":{"line":23,"column":17},"end":{"line":23,"column":44}},"6":{"start":{"line":24,"column":19},"end":{"line":24,"column":32}},"7":{"start":{"line":26,"column":26},"end":{"line":26,"column":38}},"8":{"start":{"line":27,"column":28},"end":{"line":27,"column":40}},"9":{"start":{"line":28,"column":48},"end":{"line":28,"column":67}},"10":{"start":{"line":29,"column":32},"end":{"line":29,"column":55}},"11":{"start":{"line":30,"column":28},"end":{"line":30,"column":57}},"12":{"start":{"line":32,"column":2},"end":{"line":58,"column":11}},"13":{"start":{"line":40,"column":25},"end":{"line":55,"column":6}},"14":{"start":{"line":40,"column":36},"end":{"line":55,"column":6}},"15":{"start":{"line":41,"column":6},"end":{"line":54,"column":7}},"16":{"start":{"line":42,"column":8},"end":{"line":51,"column":9}},"17":{"start":{"line":43,"column":27},"end":{"line":43,"column":54}},"18":{"start":{"line":44,"column":10},"end":{"line":44,"column":33}},"19":{"start":{"line":45,"column":10},"end":{"line":45,"column":35}},"20":{"start":{"line":46,"column":10},"end":{"line":46,"column":55}},"21":{"start":{"line":48,"column":10},"end":{"line":48,"column":70}},"22":{"start":{"line":50,"column":10},"end":{"line":50,"column":28}},"23":{"start":{"line":53,"column":8},"end":{"line":53,"column":26}},"24":{"start":{"line":57,"column":4},"end":{"line":57,"column":19}},"25":{"start":{"line":60,"column":23},"end":{"line":66,"column":36}},"26":{"start":{"line":61,"column":4},"end":{"line":64,"column":5}},"27":{"start":{"line":62,"column":6},"end":{"line":62,"column":62}},"28":{"start":{"line":63,"column":6},"end":{"line":63,"column":19}},"29":{"start":{"line":65,"column":4},"end":{"line":65,"column":16}},"30":{"start":{"line":75,"column":23},"end":{"line":102,"column":4}},"31":{"start":{"line":75,"column":56},"end":{"line":102,"column":4}},"32":{"start":{"line":76,"column":4},"end":{"line":76,"column":27}},"33":{"start":{"line":78,"column":4},"end":{"line":80,"column":5}},"34":{"start":{"line":79,"column":6},"end":{"line":79,"column":13}},"35":{"start":{"line":82,"column":34},"end":{"line":87,"column":6}},"36":{"start":{"line":89,"column":4},"end":{"line":101,"column":5}},"37":{"start":{"line":90,"column":6},"end":{"line":94,"column":7}},"38":{"start":{"line":91,"column":8},"end":{"line":91,"column":42}},"39":{"start":{"line":93,"column":8},"end":{"line":93,"column":42}},"40":{"start":{"line":96,"column":6},"end":{"line":96,"column":30}},"41":{"start":{"line":98,"column":6},"end":{"line":98,"column":20}},"42":{"start":{"line":100,"column":6},"end":{"line":100,"column":81}},"43":{"start":{"line":117,"column":28},"end":{"line":121,"column":3}},"44":{"start":{"line":120,"column":4},"end":{"line":120,"column":78}},"45":{"start":{"line":120,"column":55},"end":{"line":120,"column":77}},"46":{"start":{"line":123,"column":2},"end":{"line":125,"column":3}},"47":{"start":{"line":124,"column":4},"end":{"line":124,"column":47}},"48":{"start":{"line":127,"column":2},"end":{"line":161,"column":4}},"49":{"start":{"line":151,"column":47},"end":{"line":151,"column":78}},"50":{"start":{"line":159,"column":29},"end":{"line":159,"column":42}},"51":{"start":{"line":22,"column":13},"end":{"line":22,"column":57}},"52":{"start":{"line":174,"column":5},"end":{"line":188,"column":1}},"53":{"start":{"line":175,"column":2},"end":{"line":187,"column":4}}},"fnMap":{"0":{"name":"(anonymous_7)","decl":{"start":{"line":22,"column":57},"end":{"line":22,"column":58}},"loc":{"start":{"line":22,"column":74},"end":{"line":162,"column":1}}},"1":{"name":"(anonymous_8)","decl":{"start":{"line":32,"column":12},"end":{"line":32,"column":15}},"loc":{"start":{"line":32,"column":17},"end":{"line":58,"column":3}}},"2":{"name":"(anonymous_9)","decl":{"start":{"line":40,"column":25},"end":{"line":40,"column":34}},"loc":{"start":{"line":40,"column":36},"end":{"line":55,"column":6}}},"3":{"name":"(anonymous_10)","decl":{"start":{"line":40,"column":36},"end":{"line":40,"column":null}},"loc":{"start":{"line":40,"column":36},"end":{"line":55,"column":5}}},"4":{"name":"(anonymous_11)","decl":{"start":{"line":60,"column":35},"end":{"line":60,"column":38}},"loc":{"start":{"line":60,"column":40},"end":{"line":66,"column":3}}},"5":{"name":"(anonymous_12)","decl":{"start":{"line":75,"column":23},"end":{"line":75,"column":30}},"loc":{"start":{"line":75,"column":56},"end":{"line":102,"column":4}}},"6":{"name":"(anonymous_13)","decl":{"start":{"line":75,"column":56},"end":{"line":75,"column":null}},"loc":{"start":{"line":75,"column":56},"end":{"line":102,"column":3}}},"7":{"name":"(anonymous_14)","decl":{"start":{"line":117,"column":28},"end":{"line":117,"column":null}},"loc":{"start":{"line":119,"column":6},"end":{"line":121,"column":3}}},"8":{"name":"(anonymous_15)","decl":{"start":{"line":120,"column":11},"end":{"line":120,"column":12}},"loc":{"start":{"line":120,"column":55},"end":{"line":120,"column":77}}},"9":{"name":"(anonymous_16)","decl":{"start":{"line":151,"column":38},"end":{"line":151,"column":39}},"loc":{"start":{"line":151,"column":47},"end":{"line":151,"column":78}}},"10":{"name":"(anonymous_17)","decl":{"start":{"line":159,"column":23},"end":{"line":159,"column":26}},"loc":{"start":{"line":159,"column":29},"end":{"line":159,"column":42}}},"11":{"name":"(anonymous_18)","decl":{"start":{"line":174,"column":5},"end":{"line":174,"column":6}},"loc":{"start":{"line":174,"column":66},"end":{"line":188,"column":1}}}},"branchMap":{"0":{"loc":{"start":{"line":41,"column":6},"end":{"line":54,"column":7}},"type":"if","locations":[{"start":{"line":41,"column":6},"end":{"line":54,"column":7}},{"start":{"line":52,"column":13},"end":{"line":54,"column":7}}]},"1":{"loc":{"start":{"line":61,"column":4},"end":{"line":64,"column":5}},"type":"if","locations":[{"start":{"line":61,"column":4},"end":{"line":64,"column":5}}]},"2":{"loc":{"start":{"line":61,"column":8},"end":{"line":61,"column":46}},"type":"binary-expr","locations":[{"start":{"line":61,"column":8},"end":{"line":61,"column":13}},{"start":{"line":61,"column":17},"end":{"line":61,"column":23}},{"start":{"line":61,"column":27},"end":{"line":61,"column":46}}]},"3":{"loc":{"start":{"line":78,"column":4},"end":{"line":80,"column":5}},"type":"if","locations":[{"start":{"line":78,"column":4},"end":{"line":80,"column":5}}]},"4":{"loc":{"start":{"line":83,"column":10},"end":{"line":83,"column":18}},"type":"binary-expr","locations":[{"start":{"line":83,"column":10},"end":{"line":83,"column":12}},{"start":{"line":83,"column":16},"end":{"line":83,"column":18}}]},"5":{"loc":{"start":{"line":90,"column":6},"end":{"line":94,"column":7}},"type":"if","locations":[{"start":{"line":90,"column":6},"end":{"line":94,"column":7}},{"start":{"line":92,"column":13},"end":{"line":94,"column":7}}]},"6":{"loc":{"start":{"line":96,"column":6},"end":{"line":96,"column":29}},"type":"cond-expr","locations":[{"start":{"line":96,"column":14},"end":{"line":96,"column":17}},{"start":{"line":96,"column":6},"end":{"line":96,"column":29}}]},"7":{"loc":{"start":{"line":96,"column":6},"end":{"line":96,"column":17}},"type":"binary-expr","locations":[{"start":{"line":96,"column":6},"end":{"line":96,"column":17}},{"start":{"line":96,"column":6},"end":{"line":96,"column":17}}]},"8":{"loc":{"start":{"line":123,"column":2},"end":{"line":125,"column":3}},"type":"if","locations":[{"start":{"line":123,"column":2},"end":{"line":125,"column":3}}]},"9":{"loc":{"start":{"line":129,"column":11},"end":{"line":129,"column":53}},"type":"cond-expr","locations":[{"start":{"line":129,"column":16},"end":{"line":129,"column":33}},{"start":{"line":129,"column":36},"end":{"line":129,"column":53}}]},"10":{"loc":{"start":{"line":131,"column":7},"end":{"line":131,"column":59}},"type":"binary-expr","locations":[{"start":{"line":131,"column":7},"end":{"line":131,"column":12}},{"start":{"line":131,"column":16},"end":{"line":131,"column":59}}]},"11":{"loc":{"start":{"line":156,"column":31},"end":{"line":156,"column":55}},"type":"cond-expr","locations":[{"start":{"line":156,"column":36},"end":{"line":156,"column":44}},{"start":{"line":156,"column":47},"end":{"line":156,"column":55}}]},"12":{"loc":{"start":{"line":174,"column":32},"end":{"line":174,"column":45}},"type":"default-arg","locations":[{"start":{"line":174,"column":39},"end":{"line":174,"column":45}}]}},"s":{"0":0,"1":0,"2":0,"3":0,"4":0,"5":0,"6":0,"7":0,"8":0,"9":0,"10":0,"11":0,"12":0,"13":0,"14":0,"15":0,"16":0,"17":0,"18":0,"19":0,"20":0,"21":0,"22":0,"23":0,"24":0,"25":0,"26":0,"27":0,"28":0,"29":0,"30":0,"31":0,"32":0,"33":0,"34":0,"35":0,"36":0,"37":0,"38":0,"39":0,"40":0,"41":0,"42":0,"43":0,"44":0,"45":0,"46":0,"47":0,"48":0,"49":0,"50":0,"51":0,"52":0,"53":0},"f":{"0":0,"1":0,"2":0,"3":0,"4":0,"5":0,"6":0,"7":0,"8":0,"9":0,"10":0,"11":0},"b":{"0":[0,0],"1":[0],"2":[0,0,0],"3":[0],"4":[0,0],"5":[0,0],"6":[0,0],"7":[0,0],"8":[0],"9":[0,0],"10":[0,0],"11":[0,0],"12":[0]}}
,"C:\\Users\\Xavier\\Projects\\react-crud-api-client-example\\src\\interfaces\\components\\CustomerList.tsx": {"path":"C:\\Users\\Xavier\\Projects\\react-crud-api-client-example\\src\\interfaces\\components\\CustomerList.tsx","statementMap":{"0":{"start":{"line":1,"column":0},"end":{"line":1,"column":44}},"1":{"start":{"line":2,"column":0},"end":{"line":2,"column":47}},"2":{"start":{"line":3,"column":0},"end":{"line":3,"column":null}},"3":{"start":{"line":10,"column":0},"end":{"line":10,"column":53}},"4":{"start":{"line":25,"column":28},"end":{"line":205,"column":1}},"5":{"start":{"line":26,"column":36},"end":{"line":26,"column":60}},"6":{"start":{"line":27,"column":32},"end":{"line":27,"column":46}},"7":{"start":{"line":28,"column":28},"end":{"line":28,"column":57}},"8":{"start":{"line":29,"column":42},"end":{"line":29,"column":71}},"9":{"start":{"line":30,"column":54},"end":{"line":30,"column":83}},"10":{"start":{"line":31,"column":19},"end":{"line":31,"column":32}},"11":{"start":{"line":33,"column":2},"end":{"line":57,"column":9}},"12":{"start":{"line":40,"column":26},"end":{"line":54,"column":6}},"13":{"start":{"line":40,"column":37},"end":{"line":54,"column":6}},"14":{"start":{"line":41,"column":6},"end":{"line":53,"column":7}},"15":{"start":{"line":42,"column":8},"end":{"line":42,"column":25}},"16":{"start":{"line":43,"column":21},"end":{"line":43,"column":43}},"17":{"start":{"line":44,"column":8},"end":{"line":48,"column":9}},"18":{"start":{"line":45,"column":10},"end":{"line":45,"column":29}},"19":{"start":{"line":47,"column":10},"end":{"line":47,"column":58}},"20":{"start":{"line":50,"column":8},"end":{"line":50,"column":88}},"21":{"start":{"line":52,"column":8},"end":{"line":52,"column":26}},"22":{"start":{"line":56,"column":4},"end":{"line":56,"column":20}},"23":{"start":{"line":65,"column":23},"end":{"line":78,"column":4}},"24":{"start":{"line":65,"column":44},"end":{"line":78,"column":4}},"25":{"start":{"line":66,"column":4},"end":{"line":68,"column":5}},"26":{"start":{"line":67,"column":6},"end":{"line":67,"column":13}},"27":{"start":{"line":70,"column":4},"end":{"line":77,"column":5}},"28":{"start":{"line":71,"column":6},"end":{"line":71,"column":31}},"29":{"start":{"line":72,"column":6},"end":{"line":74,"column":8}},"30":{"start":{"line":73,"column":8},"end":{"line":73,"column":62}},"31":{"start":{"line":73,"column":43},"end":{"line":73,"column":61}},"32":{"start":{"line":76,"column":6},"end":{"line":76,"column":87}},"33":{"start":{"line":87,"column":21},"end":{"line":94,"column":4}},"34":{"start":{"line":87,"column":53},"end":{"line":94,"column":4}},"35":{"start":{"line":88,"column":4},"end":{"line":93,"column":5}},"36":{"start":{"line":89,"column":19},"end":{"line":89,"column":53}},"37":{"start":{"line":90,"column":6},"end":{"line":90,"column":25}},"38":{"start":{"line":92,"column":6},"end":{"line":92,"column":86}},"39":{"start":{"line":108,"column":26},"end":{"line":143,"column":4}},"40":{"start":{"line":108,"column":37},"end":{"line":143,"column":4}},"41":{"start":{"line":109,"column":4},"end":{"line":112,"column":5}},"42":{"start":{"line":110,"column":6},"end":{"line":110,"column":72}},"43":{"start":{"line":111,"column":6},"end":{"line":111,"column":13}},"44":{"start":{"line":114,"column":4},"end":{"line":117,"column":5}},"45":{"start":{"line":115,"column":6},"end":{"line":115,"column":71}},"46":{"start":{"line":116,"column":6},"end":{"line":116,"column":13}},"47":{"start":{"line":120,"column":6},"end":{"line":124,"column":34}},"48":{"start":{"line":126,"column":4},"end":{"line":142,"column":5}},"49":{"start":{"line":127,"column":6},"end":{"line":127,"column":50}},"50":{"start":{"line":128,"column":6},"end":{"line":137,"column":8}},"51":{"start":{"line":129,"column":8},"end":{"line":135,"column":null}},"52":{"start":{"line":130,"column":10},"end":{"line":135,"column":22}},"53":{"start":{"line":138,"column":6},"end":{"line":138,"column":26}},"54":{"start":{"line":139,"column":6},"end":{"line":139,"column":34}},"55":{"start":{"line":141,"column":6},"end":{"line":141,"column":82}},"56":{"start":{"line":151,"column":30},"end":{"line":154,"column":3}},"57":{"start":{"line":152,"column":16},"end":{"line":152,"column":72}},"58":{"start":{"line":153,"column":4},"end":{"line":153,"column":44}},"59":{"start":{"line":156,"column":2},"end":{"line":158,"column":3}},"60":{"start":{"line":157,"column":4},"end":{"line":157,"column":43}},"61":{"start":{"line":160,"column":2},"end":{"line":162,"column":3}},"62":{"start":{"line":161,"column":4},"end":{"line":161,"column":55}},"63":{"start":{"line":164,"column":2},"end":{"line":204,"column":4}},"64":{"start":{"line":168,"column":31},"end":{"line":168,"column":57}},"65":{"start":{"line":169,"column":31},"end":{"line":169,"column":48}},"66":{"start":{"line":170,"column":31},"end":{"line":170,"column":49}},"67":{"start":{"line":174,"column":10},"end":{"line":174,"column":null}},"68":{"start":{"line":176,"column":35},"end":{"line":176,"column":77}},"69":{"start":{"line":179,"column":16},"end":{"line":179,"column":51}},"70":{"start":{"line":180,"column":16},"end":{"line":180,"column":36}},"71":{"start":{"line":185,"column":35},"end":{"line":185,"column":60}},"72":{"start":{"line":196,"column":29},"end":{"line":196,"column":60}},"73":{"start":{"line":25,"column":13},"end":{"line":25,"column":28}}},"fnMap":{"0":{"name":"(anonymous_7)","decl":{"start":{"line":25,"column":28},"end":{"line":25,"column":31}},"loc":{"start":{"line":25,"column":33},"end":{"line":205,"column":1}}},"1":{"name":"(anonymous_8)","decl":{"start":{"line":33,"column":12},"end":{"line":33,"column":15}},"loc":{"start":{"line":33,"column":17},"end":{"line":57,"column":3}}},"2":{"name":"(anonymous_9)","decl":{"start":{"line":40,"column":26},"end":{"line":40,"column":35}},"loc":{"start":{"line":40,"column":37},"end":{"line":54,"column":6}}},"3":{"name":"(anonymous_10)","decl":{"start":{"line":40,"column":37},"end":{"line":40,"column":null}},"loc":{"start":{"line":40,"column":37},"end":{"line":54,"column":5}}},"4":{"name":"(anonymous_11)","decl":{"start":{"line":65,"column":23},"end":{"line":65,"column":30}},"loc":{"start":{"line":65,"column":44},"end":{"line":78,"column":4}}},"5":{"name":"(anonymous_12)","decl":{"start":{"line":65,"column":44},"end":{"line":65,"column":null}},"loc":{"start":{"line":65,"column":44},"end":{"line":78,"column":3}}},"6":{"name":"(anonymous_13)","decl":{"start":{"line":72,"column":19},"end":{"line":72,"column":20}},"loc":{"start":{"line":73,"column":8},"end":{"line":73,"column":62}}},"7":{"name":"(anonymous_14)","decl":{"start":{"line":73,"column":29},"end":{"line":73,"column":30}},"loc":{"start":{"line":73,"column":43},"end":{"line":73,"column":61}}},"8":{"name":"(anonymous_15)","decl":{"start":{"line":87,"column":21},"end":{"line":87,"column":28}},"loc":{"start":{"line":87,"column":53},"end":{"line":94,"column":4}}},"9":{"name":"(anonymous_16)","decl":{"start":{"line":87,"column":53},"end":{"line":87,"column":null}},"loc":{"start":{"line":87,"column":53},"end":{"line":94,"column":3}}},"10":{"name":"(anonymous_17)","decl":{"start":{"line":108,"column":26},"end":{"line":108,"column":35}},"loc":{"start":{"line":108,"column":37},"end":{"line":143,"column":4}}},"11":{"name":"(anonymous_18)","decl":{"start":{"line":108,"column":37},"end":{"line":108,"column":null}},"loc":{"start":{"line":108,"column":37},"end":{"line":143,"column":3}}},"12":{"name":"(anonymous_19)","decl":{"start":{"line":128,"column":19},"end":{"line":128,"column":20}},"loc":{"start":{"line":129,"column":8},"end":{"line":135,"column":null}}},"13":{"name":"(anonymous_20)","decl":{"start":{"line":129,"column":26},"end":{"line":129,"column":27}},"loc":{"start":{"line":130,"column":10},"end":{"line":135,"column":22}}},"14":{"name":"(anonymous_21)","decl":{"start":{"line":151,"column":30},"end":{"line":151,"column":31}},"loc":{"start":{"line":151,"column":58},"end":{"line":154,"column":3}}},"15":{"name":"(anonymous_22)","decl":{"start":{"line":168,"column":25},"end":{"line":168,"column":28}},"loc":{"start":{"line":168,"column":31},"end":{"line":168,"column":57}}},"16":{"name":"(anonymous_23)","decl":{"start":{"line":169,"column":25},"end":{"line":169,"column":28}},"loc":{"start":{"line":169,"column":31},"end":{"line":169,"column":48}}},"17":{"name":"(anonymous_24)","decl":{"start":{"line":170,"column":25},"end":{"line":170,"column":28}},"loc":{"start":{"line":170,"column":31},"end":{"line":170,"column":49}}},"18":{"name":"(anonymous_25)","decl":{"start":{"line":173,"column":23},"end":{"line":173,"column":24}},"loc":{"start":{"line":174,"column":10},"end":{"line":174,"column":null}}},"19":{"name":"(anonymous_26)","decl":{"start":{"line":176,"column":29},"end":{"line":176,"column":32}},"loc":{"start":{"line":176,"column":35},"end":{"line":176,"column":77}}},"20":{"name":"(anonymous_27)","decl":{"start":{"line":178,"column":23},"end":{"line":178,"column":26}},"loc":{"start":{"line":178,"column":28},"end":{"line":181,"column":15}}},"21":{"name":"(anonymous_28)","decl":{"start":{"line":185,"column":29},"end":{"line":185,"column":32}},"loc":{"start":{"line":185,"column":35},"end":{"line":185,"column":60}}},"22":{"name":"(anonymous_29)","decl":{"start":{"line":196,"column":22},"end":{"line":196,"column":23}},"loc":{"start":{"line":196,"column":29},"end":{"line":196,"column":60}}}},"branchMap":{"0":{"loc":{"start":{"line":44,"column":8},"end":{"line":48,"column":9}},"type":"if","locations":[{"start":{"line":44,"column":8},"end":{"line":48,"column":9}},{"start":{"line":46,"column":15},"end":{"line":48,"column":9}}]},"1":{"loc":{"start":{"line":66,"column":4},"end":{"line":68,"column":5}},"type":"if","locations":[{"start":{"line":66,"column":4},"end":{"line":68,"column":5}}]},"2":{"loc":{"start":{"line":109,"column":4},"end":{"line":112,"column":5}},"type":"if","locations":[{"start":{"line":109,"column":4},"end":{"line":112,"column":5}}]},"3":{"loc":{"start":{"line":114,"column":4},"end":{"line":117,"column":5}},"type":"if","locations":[{"start":{"line":114,"column":4},"end":{"line":117,"column":5}}]},"4":{"loc":{"start":{"line":120,"column":6},"end":{"line":124,"column":34}},"type":"cond-expr","locations":[{"start":{"line":121,"column":10},"end":{"line":121,"column":11}},{"start":{"line":122,"column":10},"end":{"line":124,"column":34}}]},"5":{"loc":{"start":{"line":122,"column":10},"end":{"line":124,"column":34}},"type":"cond-expr","locations":[{"start":{"line":123,"column":10},"end":{"line":123,"column":22}},{"start":{"line":124,"column":10},"end":{"line":124,"column":34}}]},"6":{"loc":{"start":{"line":130,"column":10},"end":{"line":135,"column":22}},"type":"cond-expr","locations":[{"start":{"line":131,"column":13},"end":{"line":133,"column":null}},{"start":{"line":135,"column":14},"end":{"line":135,"column":22}}]},"7":{"loc":{"start":{"line":152,"column":16},"end":{"line":152,"column":72}},"type":"cond-expr","locations":[{"start":{"line":152,"column":45},"end":{"line":152,"column":51}},{"start":{"line":152,"column":54},"end":{"line":152,"column":72}}]},"8":{"loc":{"start":{"line":153,"column":11},"end":{"line":153,"column":43}},"type":"binary-expr","locations":[{"start":{"line":153,"column":11},"end":{"line":153,"column":32}},{"start":{"line":153,"column":36},"end":{"line":153,"column":43}}]},"9":{"loc":{"start":{"line":156,"column":2},"end":{"line":158,"column":3}},"type":"if","locations":[{"start":{"line":156,"column":2},"end":{"line":158,"column":3}}]},"10":{"loc":{"start":{"line":160,"column":2},"end":{"line":162,"column":3}},"type":"if","locations":[{"start":{"line":160,"column":2},"end":{"line":162,"column":3}}]},"11":{"loc":{"start":{"line":190,"column":7},"end":{"line":201,"column":null}},"type":"binary-expr","locations":[{"start":{"line":190,"column":7},"end":{"line":190,"column":25}},{"start":{"line":191,"column":8},"end":{"line":200,"column":null}}]}},"s":{"0":0,"1":0,"2":0,"3":0,"4":0,"5":0,"6":0,"7":0,"8":0,"9":0,"10":0,"11":0,"12":0,"13":0,"14":0,"15":0,"16":0,"17":0,"18":0,"19":0,"20":0,"21":0,"22":0,"23":0,"24":0,"25":0,"26":0,"27":0,"28":0,"29":0,"30":0,"31":0,"32":0,"33":0,"34":0,"35":0,"36":0,"37":0,"38":0,"39":0,"40":0,"41":0,"42":0,"43":0,"44":0,"45":0,"46":0,"47":0,"48":0,"49":0,"50":0,"51":0,"52":0,"53":0,"54":0,"55":0,"56":0,"57":0,"58":0,"59":0,"60":0,"61":0,"62":0,"63":0,"64":0,"65":0,"66":0,"67":0,"68":0,"69":0,"70":0,"71":0,"72":0,"73":0},"f":{"0":0,"1":0,"2":0,"3":0,"4":0,"5":0,"6":0,"7":0,"8":0,"9":0,"10":0,"11":0,"12":0,"13":0,"14":0,"15":0,"16":0,"17":0,"18":0,"19":0,"20":0,"21":0,"22":0},"b":{"0":[0,0],"1":[0],"2":[0],"3":[0],"4":[0,0],"5":[0,0],"6":[0,0],"7":[0,0],"8":[0,0],"9":[0],"10":[0],"11":[0,0]}}
,"C:\\Users\\Xavier\\Projects\\react-crud-api-client-example\\src\\utils\\ErrorUtils.ts": {"path":"C:\\Users\\Xavier\\Projects\\react-crud-api-client-example\\src\\utils\\ErrorUtils.ts","statementMap":{"0":{"start":{"line":8,"column":27},"end":{"line":16,"column":1}},"1":{"start":{"line":9,"column":2},"end":{"line":9,"column":21}},"2":{"start":{"line":11,"column":2},"end":{"line":13,"column":3}},"3":{"start":{"line":12,"column":4},"end":{"line":12,"column":41}},"4":{"start":{"line":15,"column":2},"end":{"line":15,"column":24}},"5":{"start":{"line":8,"column":13},"end":{"line":8,"column":27}}},"fnMap":{"0":{"name":"(anonymous_0)","decl":{"start":{"line":8,"column":27},"end":{"line":8,"column":28}},"loc":{"start":{"line":8,"column":107},"end":{"line":16,"column":1}}}},"branchMap":{"0":{"loc":{"start":{"line":8,"column":42},"end":{"line":8,"column":95}},"type":"default-arg","locations":[{"start":{"line":8,"column":67},"end":{"line":8,"column":95}}]},"1":{"loc":{"start":{"line":11,"column":2},"end":{"line":13,"column":3}},"type":"if","locations":[{"start":{"line":11,"column":2},"end":{"line":13,"column":3}}]},"2":{"loc":{"start":{"line":12,"column":11},"end":{"line":12,"column":40}},"type":"binary-expr","locations":[{"start":{"line":12,"column":11},"end":{"line":12,"column":22}},{"start":{"line":12,"column":26},"end":{"line":12,"column":40}}]}},"s":{"0":1,"1":4,"2":4,"3":2,"4":2,"5":1},"f":{"0":4},"b":{"0":[3],"1":[2],"2":[2,1]}}
}
