TN:
SF:src\main.tsx
FNF:0
FNH:0
DA:1,0
DA:2,0
DA:3,0
DA:4,0
DA:5,0
DA:7,0
LF:6
LH:0
BRF:0
BRH:0
end_of_record
TN:
SF:src\application\useCases\CustomerUseCases.ts
FN:9,fetchCustomers
FN:20,fetchCustomerById
FN:30,createCustomer
FN:40,updateCustomer
FN:50,deleteCustomer
FN:61,(anonymous_17)
FN:61,(anonymous_18)
FN:71,(anonymous_19)
FN:73,(anonymous_20)
FNF:9
FNH:0
FNDA:0,fetchCustomers
FNDA:0,fetchCustomerById
FNDA:0,createCustomer
FNDA:0,updateCustomer
FNDA:0,deleteCustomer
FNDA:0,(anonymous_17)
FNDA:0,(anonymous_18)
FNDA:0,(anonymous_19)
FNDA:0,(anonymous_20)
DA:1,1
DA:9,1
DA:10,0
DA:20,1
DA:21,0
DA:30,1
DA:31,0
DA:40,1
DA:41,0
DA:50,1
DA:51,0
DA:61,1
DA:62,0
DA:71,1
DA:73,0
DA:74,0
LF:16
LH:8
BRDA:72,0,0,0
BRF:1
BRH:0
end_of_record
TN:
SF:src\infrastructure\api\ApiClient.ts
FN:12,(anonymous_8)
FN:22,(anonymous_9)
FN:38,(anonymous_11)
FN:54,(anonymous_13)
FN:69,(anonymous_15)
FN:84,(anonymous_17)
FNF:6
FNH:0
FNDA:0,(anonymous_8)
FNDA:0,(anonymous_9)
FNDA:0,(anonymous_11)
FNDA:0,(anonymous_13)
FNDA:0,(anonymous_15)
FNDA:0,(anonymous_17)
DA:1,1
DA:3,1
DA:4,1
DA:13,0
DA:23,0
DA:24,0
DA:25,0
DA:27,0
DA:28,0
DA:39,0
DA:40,0
DA:41,0
DA:43,0
DA:44,0
DA:55,0
DA:56,0
DA:57,0
DA:59,0
DA:60,0
DA:70,0
DA:71,0
DA:73,0
DA:74,0
DA:85,0
DA:86,0
DA:87,0
DA:93,0
DA:94,0
DA:96,0
DA:98,0
LF:30
LH:3
BRDA:85,0,0,0
BRDA:86,1,0,0
BRDA:90,2,0,0
BRDA:90,2,1,0
BRDA:90,3,0,0
BRDA:90,3,1,0
BRDA:90,4,0,0
BRDA:90,4,1,0
BRDA:93,5,0,0
BRF:9
BRH:0
end_of_record
TN:
SF:src\infrastructure\api\CustomerApiClient.ts
FN:9,(anonymous_7)
FN:18,(anonymous_9)
FN:27,(anonymous_11)
FN:37,(anonymous_13)
FN:49,(anonymous_15)
FN:59,(anonymous_17)
FN:68,(anonymous_19)
FN:69,(anonymous_20)
FNF:8
FNH:0
FNDA:0,(anonymous_7)
FNDA:0,(anonymous_9)
FNDA:0,(anonymous_11)
FNDA:0,(anonymous_13)
FNDA:0,(anonymous_15)
FNDA:0,(anonymous_17)
FNDA:0,(anonymous_19)
FNDA:0,(anonymous_20)
DA:1,1
DA:4,1
DA:10,0
DA:19,0
DA:28,0
DA:41,0
DA:50,0
DA:60,0
DA:69,0
DA:71,0
LF:10
LH:2
BRDA:69,0,0,0
BRF:1
BRH:0
end_of_record
TN:
SF:src\interfaces\components\CustomerForm.tsx
FN:22,(anonymous_7)
FN:32,(anonymous_8)
FN:40,(anonymous_9)
FN:40,(anonymous_10)
FN:60,(anonymous_11)
FN:75,(anonymous_12)
FN:75,(anonymous_13)
FN:117,(anonymous_14)
FN:120,(anonymous_15)
FN:154,(anonymous_16)
FN:162,(anonymous_17)
FN:178,(anonymous_18)
FNF:12
FNH:6
FNDA:2,(anonymous_7)
FNDA:1,(anonymous_8)
FNDA:1,(anonymous_9)
FNDA:1,(anonymous_10)
FNDA:0,(anonymous_11)
FNDA:0,(anonymous_12)
FNDA:0,(anonymous_13)
FNDA:3,(anonymous_14)
FNDA:0,(anonymous_15)
FNDA:0,(anonymous_16)
FNDA:0,(anonymous_17)
FNDA:3,(anonymous_18)
DA:1,1
DA:2,1
DA:3,1
DA:9,1
DA:22,1
DA:23,2
DA:24,2
DA:26,2
DA:27,2
DA:28,2
DA:29,2
DA:30,2
DA:32,2
DA:40,1
DA:41,1
DA:42,1
DA:43,1
DA:44,1
DA:45,1
DA:46,1
DA:48,0
DA:50,1
DA:53,0
DA:57,1
DA:60,2
DA:61,0
DA:62,0
DA:63,0
DA:65,0
DA:75,2
DA:76,0
DA:78,0
DA:79,0
DA:82,0
DA:89,0
DA:90,0
DA:91,0
DA:93,0
DA:96,0
DA:98,0
DA:100,0
DA:117,2
DA:120,3
DA:123,2
DA:124,1
DA:127,1
DA:154,0
DA:162,0
DA:178,1
DA:179,3
LF:50
LH:31
BRDA:41,0,0,1
BRDA:41,0,1,0
BRDA:61,1,0,0
BRDA:61,2,0,0
BRDA:61,2,1,0
BRDA:61,2,2,0
BRDA:78,3,0,0
BRDA:83,4,0,0
BRDA:83,4,1,0
BRDA:90,5,0,0
BRDA:90,5,1,0
BRDA:96,6,0,0
BRDA:96,6,1,0
BRDA:96,7,0,0
BRDA:96,7,1,0
BRDA:123,8,0,1
BRDA:129,9,0,1
BRDA:129,9,1,0
BRDA:131,10,0,1
BRDA:131,10,1,0
BRDA:159,11,0,1
BRDA:159,11,1,0
BRDA:178,12,0,1
BRF:23
BRH:6
end_of_record
TN:
SF:src\interfaces\components\CustomerList.tsx
FN:25,(anonymous_7)
FN:33,(anonymous_8)
FN:40,(anonymous_9)
FN:40,(anonymous_10)
FN:65,(anonymous_11)
FN:65,(anonymous_12)
FN:72,(anonymous_13)
FN:73,(anonymous_14)
FN:87,(anonymous_15)
FN:87,(anonymous_16)
FN:108,(anonymous_17)
FN:108,(anonymous_18)
FN:128,(anonymous_19)
FN:129,(anonymous_20)
FN:151,(anonymous_21)
FN:168,(anonymous_22)
FN:169,(anonymous_23)
FN:170,(anonymous_24)
FN:173,(anonymous_25)
FN:176,(anonymous_26)
FN:178,(anonymous_27)
FN:185,(anonymous_28)
FN:196,(anonymous_29)
FNF:23
FNH:0
FNDA:0,(anonymous_7)
FNDA:0,(anonymous_8)
FNDA:0,(anonymous_9)
FNDA:0,(anonymous_10)
FNDA:0,(anonymous_11)
FNDA:0,(anonymous_12)
FNDA:0,(anonymous_13)
FNDA:0,(anonymous_14)
FNDA:0,(anonymous_15)
FNDA:0,(anonymous_16)
FNDA:0,(anonymous_17)
FNDA:0,(anonymous_18)
FNDA:0,(anonymous_19)
FNDA:0,(anonymous_20)
FNDA:0,(anonymous_21)
FNDA:0,(anonymous_22)
FNDA:0,(anonymous_23)
FNDA:0,(anonymous_24)
FNDA:0,(anonymous_25)
FNDA:0,(anonymous_26)
FNDA:0,(anonymous_27)
FNDA:0,(anonymous_28)
FNDA:0,(anonymous_29)
DA:1,0
DA:2,0
DA:3,0
DA:10,0
DA:25,0
DA:26,0
DA:27,0
DA:28,0
DA:29,0
DA:30,0
DA:31,0
DA:33,0
DA:40,0
DA:41,0
DA:42,0
DA:43,0
DA:44,0
DA:45,0
DA:47,0
DA:50,0
DA:52,0
DA:56,0
DA:65,0
DA:66,0
DA:67,0
DA:70,0
DA:71,0
DA:72,0
DA:73,0
DA:76,0
DA:87,0
DA:88,0
DA:89,0
DA:90,0
DA:92,0
DA:108,0
DA:109,0
DA:110,0
DA:111,0
DA:114,0
DA:115,0
DA:116,0
DA:120,0
DA:126,0
DA:127,0
DA:128,0
DA:129,0
DA:130,0
DA:138,0
DA:139,0
DA:141,0
DA:151,0
DA:152,0
DA:153,0
DA:156,0
DA:157,0
DA:160,0
DA:161,0
DA:164,0
DA:168,0
DA:169,0
DA:170,0
DA:174,0
DA:176,0
DA:179,0
DA:180,0
DA:185,0
DA:196,0
LF:68
LH:0
BRDA:44,0,0,0
BRDA:44,0,1,0
BRDA:66,1,0,0
BRDA:109,2,0,0
BRDA:114,3,0,0
BRDA:120,4,0,0
BRDA:120,4,1,0
BRDA:122,5,0,0
BRDA:122,5,1,0
BRDA:130,6,0,0
BRDA:130,6,1,0
BRDA:152,7,0,0
BRDA:152,7,1,0
BRDA:153,8,0,0
BRDA:153,8,1,0
BRDA:156,9,0,0
BRDA:160,10,0,0
BRDA:190,11,0,0
BRDA:190,11,1,0
BRF:19
BRH:0
end_of_record
TN:
SF:src\utils\ErrorUtils.ts
FN:8,(anonymous_0)
FNF:1
FNH:0
FNDA:0,(anonymous_0)
DA:8,1
DA:9,0
DA:11,0
DA:12,0
DA:15,0
LF:5
LH:1
BRDA:8,0,0,0
BRDA:11,1,0,0
BRDA:12,2,0,0
BRDA:12,2,1,0
BRF:4
BRH:0
end_of_record
