TN:
SF:src\main.tsx
FNF:0
FNH:0
DA:1,0
DA:2,0
DA:3,0
DA:4,0
DA:5,0
DA:7,0
LF:6
LH:0
BRF:0
BRH:0
end_of_record
TN:
SF:src\application\useCases\CustomerUseCases.ts
FN:9,fetchCustomers
FN:20,fetchCustomerById
FN:30,createCustomer
FN:40,updateCustomer
FN:50,deleteCustomer
FN:61,(anonymous_17)
FN:61,(anonymous_18)
FN:71,(anonymous_19)
FN:73,(anonymous_20)
FNF:9
FNH:2
FNDA:0,fetchCustomers
FNDA:2,fetchCustomerById
FNDA:0,createCustomer
FNDA:1,updateCustomer
FNDA:0,deleteCustomer
FNDA:0,(anonymous_17)
FNDA:0,(anonymous_18)
FNDA:0,(anonymous_19)
FNDA:0,(anonymous_20)
DA:1,1
DA:9,1
DA:10,0
DA:20,1
DA:21,2
DA:30,1
DA:31,0
DA:40,1
DA:41,1
DA:50,1
DA:51,0
DA:61,1
DA:62,0
DA:71,1
DA:73,0
DA:74,0
LF:16
LH:10
BRDA:72,0,0,0
BRF:1
BRH:0
end_of_record
TN:
SF:src\infrastructure\api\ApiClient.ts
FN:12,(anonymous_8)
FN:22,(anonymous_9)
FN:38,(anonymous_11)
FN:54,(anonymous_13)
FN:69,(anonymous_15)
FN:84,(anonymous_17)
FNF:6
FNH:0
FNDA:0,(anonymous_8)
FNDA:0,(anonymous_9)
FNDA:0,(anonymous_11)
FNDA:0,(anonymous_13)
FNDA:0,(anonymous_15)
FNDA:0,(anonymous_17)
DA:1,1
DA:3,1
DA:4,1
DA:13,0
DA:23,0
DA:24,0
DA:25,0
DA:27,0
DA:28,0
DA:39,0
DA:40,0
DA:41,0
DA:43,0
DA:44,0
DA:55,0
DA:56,0
DA:57,0
DA:59,0
DA:60,0
DA:70,0
DA:71,0
DA:73,0
DA:74,0
DA:85,0
DA:86,0
DA:87,0
DA:93,0
DA:94,0
DA:96,0
DA:98,0
LF:30
LH:3
BRDA:85,0,0,0
BRDA:86,1,0,0
BRDA:90,2,0,0
BRDA:90,2,1,0
BRDA:90,3,0,0
BRDA:90,3,1,0
BRDA:90,4,0,0
BRDA:90,4,1,0
BRDA:93,5,0,0
BRF:9
BRH:0
end_of_record
TN:
SF:src\infrastructure\api\CustomerApiClient.ts
FN:9,(anonymous_7)
FN:18,(anonymous_9)
FN:27,(anonymous_11)
FN:37,(anonymous_13)
FN:49,(anonymous_15)
FN:59,(anonymous_17)
FN:68,(anonymous_19)
FN:69,(anonymous_20)
FNF:8
FNH:0
FNDA:0,(anonymous_7)
FNDA:0,(anonymous_9)
FNDA:0,(anonymous_11)
FNDA:0,(anonymous_13)
FNDA:0,(anonymous_15)
FNDA:0,(anonymous_17)
FNDA:0,(anonymous_19)
FNDA:0,(anonymous_20)
DA:1,1
DA:4,1
DA:10,0
DA:19,0
DA:28,0
DA:41,0
DA:50,0
DA:60,0
DA:69,0
DA:71,0
LF:10
LH:2
BRDA:69,0,0,0
BRF:1
BRH:0
end_of_record
TN:
SF:src\interfaces\components\CustomerForm.tsx
FN:22,(anonymous_7)
FN:32,(anonymous_8)
FN:40,(anonymous_9)
FN:40,(anonymous_10)
FN:61,(anonymous_11)
FN:78,(anonymous_12)
FN:78,(anonymous_13)
FN:120,(anonymous_14)
FN:123,(anonymous_15)
FN:157,(anonymous_16)
FN:165,(anonymous_17)
FN:181,(anonymous_18)
FNF:12
FNH:12
FNDA:54,(anonymous_7)
FNDA:13,(anonymous_8)
FNDA:13,(anonymous_9)
FNDA:13,(anonymous_10)
FNDA:7,(anonymous_11)
FNDA:7,(anonymous_12)
FNDA:7,(anonymous_13)
FNDA:123,(anonymous_14)
FNDA:17,(anonymous_15)
FNDA:5,(anonymous_16)
FNDA:1,(anonymous_17)
FNDA:123,(anonymous_18)
DA:1,1
DA:2,1
DA:3,1
DA:9,1
DA:22,1
DA:23,54
DA:24,54
DA:26,54
DA:27,54
DA:28,54
DA:29,54
DA:30,54
DA:32,54
DA:40,13
DA:41,13
DA:42,5
DA:43,5
DA:44,3
DA:45,3
DA:46,3
DA:48,2
DA:49,2
DA:51,5
DA:54,8
DA:58,13
DA:61,54
DA:62,7
DA:63,3
DA:64,3
DA:65,3
DA:67,4
DA:68,4
DA:78,54
DA:79,7
DA:81,7
DA:82,3
DA:85,4
DA:92,4
DA:93,4
DA:94,1
DA:96,3
DA:99,2
DA:101,2
DA:103,4
DA:120,54
DA:123,123
DA:126,54
DA:127,13
DA:130,41
DA:157,5
DA:165,1
DA:181,1
DA:182,123
LF:53
LH:53
BRDA:41,0,0,5
BRDA:41,0,1,8
BRDA:62,1,0,3
BRDA:62,2,0,7
BRDA:62,2,1,6
BRDA:62,2,2,5
BRDA:81,3,0,3
BRDA:86,4,0,4
BRDA:86,4,1,3
BRDA:93,5,0,1
BRDA:93,5,1,3
BRDA:99,6,0,0
BRDA:99,6,1,2
BRDA:99,7,0,2
BRDA:99,7,1,2
BRDA:126,8,0,13
BRDA:132,9,0,9
BRDA:132,9,1,32
BRDA:134,10,0,41
BRDA:134,10,1,9
BRDA:162,11,0,9
BRDA:162,11,1,32
BRDA:181,12,0,41
BRF:23
BRH:22
end_of_record
TN:
SF:src\interfaces\components\CustomerList.tsx
FN:25,(anonymous_7)
FN:33,(anonymous_8)
FN:40,(anonymous_9)
FN:40,(anonymous_10)
FN:65,(anonymous_11)
FN:65,(anonymous_12)
FN:72,(anonymous_13)
FN:73,(anonymous_14)
FN:87,(anonymous_15)
FN:87,(anonymous_16)
FN:108,(anonymous_17)
FN:108,(anonymous_18)
FN:128,(anonymous_19)
FN:129,(anonymous_20)
FN:151,(anonymous_21)
FN:168,(anonymous_22)
FN:169,(anonymous_23)
FN:170,(anonymous_24)
FN:173,(anonymous_25)
FN:176,(anonymous_26)
FN:178,(anonymous_27)
FN:185,(anonymous_28)
FN:196,(anonymous_29)
FNF:23
FNH:0
FNDA:0,(anonymous_7)
FNDA:0,(anonymous_8)
FNDA:0,(anonymous_9)
FNDA:0,(anonymous_10)
FNDA:0,(anonymous_11)
FNDA:0,(anonymous_12)
FNDA:0,(anonymous_13)
FNDA:0,(anonymous_14)
FNDA:0,(anonymous_15)
FNDA:0,(anonymous_16)
FNDA:0,(anonymous_17)
FNDA:0,(anonymous_18)
FNDA:0,(anonymous_19)
FNDA:0,(anonymous_20)
FNDA:0,(anonymous_21)
FNDA:0,(anonymous_22)
FNDA:0,(anonymous_23)
FNDA:0,(anonymous_24)
FNDA:0,(anonymous_25)
FNDA:0,(anonymous_26)
FNDA:0,(anonymous_27)
FNDA:0,(anonymous_28)
FNDA:0,(anonymous_29)
DA:1,0
DA:2,0
DA:3,0
DA:10,0
DA:25,0
DA:26,0
DA:27,0
DA:28,0
DA:29,0
DA:30,0
DA:31,0
DA:33,0
DA:40,0
DA:41,0
DA:42,0
DA:43,0
DA:44,0
DA:45,0
DA:47,0
DA:50,0
DA:52,0
DA:56,0
DA:65,0
DA:66,0
DA:67,0
DA:70,0
DA:71,0
DA:72,0
DA:73,0
DA:76,0
DA:87,0
DA:88,0
DA:89,0
DA:90,0
DA:92,0
DA:108,0
DA:109,0
DA:110,0
DA:111,0
DA:114,0
DA:115,0
DA:116,0
DA:120,0
DA:126,0
DA:127,0
DA:128,0
DA:129,0
DA:130,0
DA:138,0
DA:139,0
DA:141,0
DA:151,0
DA:152,0
DA:153,0
DA:156,0
DA:157,0
DA:160,0
DA:161,0
DA:164,0
DA:168,0
DA:169,0
DA:170,0
DA:174,0
DA:176,0
DA:179,0
DA:180,0
DA:185,0
DA:196,0
LF:68
LH:0
BRDA:44,0,0,0
BRDA:44,0,1,0
BRDA:66,1,0,0
BRDA:109,2,0,0
BRDA:114,3,0,0
BRDA:120,4,0,0
BRDA:120,4,1,0
BRDA:122,5,0,0
BRDA:122,5,1,0
BRDA:130,6,0,0
BRDA:130,6,1,0
BRDA:152,7,0,0
BRDA:152,7,1,0
BRDA:153,8,0,0
BRDA:153,8,1,0
BRDA:156,9,0,0
BRDA:160,10,0,0
BRDA:190,11,0,0
BRDA:190,11,1,0
BRF:19
BRH:0
end_of_record
TN:
SF:src\utils\ErrorUtils.ts
FN:8,(anonymous_0)
FNF:1
FNH:1
FNDA:9,(anonymous_0)
DA:8,1
DA:9,9
DA:11,9
DA:12,9
DA:15,0
LF:5
LH:4
BRDA:8,0,0,0
BRDA:11,1,0,9
BRDA:12,2,0,9
BRDA:12,2,1,2
BRF:4
BRH:3
end_of_record
